d:\mygame\sasuke\sasuke\x64\debug\vc143.pdb
d:\mygame\sasuke\sasuke\x64\debug\vc143.idb
d:\mygame\sasuke\sasuke\x64\debug\resources.obj
d:\mygame\sasuke\sasuke\x64\debug\renderer.obj
d:\mygame\sasuke\sasuke\x64\debug\physics.obj
d:\mygame\sasuke\sasuke\x64\debug\sasuke.obj
d:\mygame\sasuke\sasuke\x64\debug\map.obj
d:\mygame\sasuke\sasuke\x64\debug\main.obj
d:\mygame\sasuke\sasuke\x64\debug\game.obj
d:\mygame\sasuke\sasuke\x64\debug\enemy.obj
d:\mygame\sasuke\sasuke\x64\debug\coin.obj
d:\mygame\sasuke\sasuke\x64\debug\camera.obj
d:\mygame\sasuke\sasuke\x64\debug\animation.obj
d:\mygame\sasuke\x64\debug\sasuke.exe
d:\mygame\sasuke\x64\debug\sasuke.pdb
d:\mygame\sasuke\sasuke\x64\debug\sasuke.ilk
d:\mygame\sasuke\sasuke\x64\debug\menu.obj
d:\mygame\sasuke\sasuke\x64\debug\sasuke.tlog\cl.command.1.tlog
d:\mygame\sasuke\sasuke\x64\debug\sasuke.tlog\cl.items.tlog
d:\mygame\sasuke\sasuke\x64\debug\sasuke.tlog\cl.read.1.tlog
d:\mygame\sasuke\sasuke\x64\debug\sasuke.tlog\cl.write.1.tlog
d:\mygame\sasuke\sasuke\x64\debug\sasuke.tlog\link.command.1.tlog
d:\mygame\sasuke\sasuke\x64\debug\sasuke.tlog\link.read.1.tlog
d:\mygame\sasuke\sasuke\x64\debug\sasuke.tlog\link.secondary.1.tlog
d:\mygame\sasuke\sasuke\x64\debug\sasuke.tlog\link.write.1.tlog
